<?xml version="1.0" encoding="UTF-8"?>
<testsuite xmlns:xsi="http://www.w3.org/2001/XMLSchema-instance" xsi:noNamespaceSchemaLocation="https://maven.apache.org/surefire/maven-surefire-plugin/xsd/surefire-test-report.xsd" name="org.saharsh.samples.quarkus.resources.ValuesResourceTest" time="7.041" tests="1" errors="0" skipped="0" failures="0">
  <properties>
    <property name="sun.desktop" value="gnome"/>
    <property name="awt.toolkit" value="sun.awt.X11.XToolkit"/>
    <property name="java.specification.version" value="11"/>
    <property name="sun.cpu.isalist" value=""/>
    <property name="sun.jnu.encoding" value="UTF-8"/>
    <property name="java.class.path" value="/home/bahl/Documents/deployment/apm-projects/sample-quarkus-app/target/test-classes:/home/bahl/Documents/deployment/apm-projects/sample-quarkus-app/target/classes:/home/bahl/.m2/repository/co/elastic/apm/apm-agent-attach/1.37.0/apm-agent-attach-1.37.0.jar:/home/bahl/.m2/repository/net/java/dev/jna/jna/5.3.1/jna-5.3.1.jar:/home/bahl/.m2/repository/net/java/dev/jna/jna-platform/5.3.1/jna-platform-5.3.1.jar:/home/bahl/.m2/repository/io/quarkus/quarkus-logging-gelf/1.3.2.Final/quarkus-logging-gelf-1.3.2.Final.jar:/home/bahl/.m2/repository/biz/paluch/logging/logstash-gelf/1.14.0/logstash-gelf-1.14.0.jar:/home/bahl/.m2/repository/io/quarkus/quarkus-core/1.3.2.Final/quarkus-core-1.3.2.Final.jar:/home/bahl/.m2/repository/jakarta/annotation/jakarta.annotation-api/1.3.5/jakarta.annotation-api-1.3.5.jar:/home/bahl/.m2/repository/jakarta/enterprise/jakarta.enterprise.cdi-api/2.0.2/jakarta.enterprise.cdi-api-2.0.2.jar:/home/bahl/.m2/repository/jakarta/el/jakarta.el-api/3.0.3/jakarta.el-api-3.0.3.jar:/home/bahl/.m2/repository/jakarta/interceptor/jakarta.interceptor-api/1.2.5/jakarta.interceptor-api-1.2.5.jar:/home/bahl/.m2/repository/io/smallrye/config/smallrye-config/1.7.0/smallrye-config-1.7.0.jar:/home/bahl/.m2/repository/io/smallrye/config/smallrye-config-common/1.7.0/smallrye-config-common-1.7.0.jar:/home/bahl/.m2/repository/org/eclipse/microprofile/config/microprofile-config-api/1.4/microprofile-config-api-1.4.jar:/home/bahl/.m2/repository/org/jboss/logging/jboss-logging/3.3.2.Final/jboss-logging-3.3.2.Final.jar:/home/bahl/.m2/repository/org/jboss/logmanager/jboss-logmanager-embedded/1.0.4/jboss-logmanager-embedded-1.0.4.jar:/home/bahl/.m2/repository/org/jboss/logging/jboss-logging-annotations/2.1.0.Final/jboss-logging-annotations-2.1.0.Final.jar:/home/bahl/.m2/repository/org/jboss/threads/jboss-threads/3.0.1.Final/jboss-threads-3.0.1.Final.jar:/home/bahl/.m2/repository/org/slf4j/slf4j-api/1.7.29/slf4j-api-1.7.29.jar:/home/bahl/.m2/repository/org/jboss/slf4j/slf4j-jboss-logging/1.2.0.Final/slf4j-jboss-logging-1.2.0.Final.jar:/home/bahl/.m2/repository/org/graalvm/sdk/graal-sdk/19.3.1/graal-sdk-19.3.1.jar:/home/bahl/.m2/repository/org/wildfly/common/wildfly-common/1.5.4.Final-format-001/wildfly-common-1.5.4.Final-format-001.jar:/home/bahl/.m2/repository/co/elastic/apm/elastic-apm-agent/1.37.0/elastic-apm-agent-1.37.0.jar:/home/bahl/.m2/repository/co/elastic/apm/apm-agent-api/1.37.0/apm-agent-api-1.37.0.jar:/home/bahl/.m2/repository/co/elastic/apm/apm-agent-attach-cli/1.37.0/apm-agent-attach-cli-1.37.0.jar:/home/bahl/.m2/repository/io/quarkus/quarkus-resteasy/1.3.2.Final/quarkus-resteasy-1.3.2.Final.jar:/home/bahl/.m2/repository/io/quarkus/quarkus-vertx-http/1.3.2.Final/quarkus-vertx-http-1.3.2.Final.jar:/home/bahl/.m2/repository/io/quarkus/quarkus-development-mode-spi/1.3.2.Final/quarkus-development-mode-spi-1.3.2.Final.jar:/home/bahl/.m2/repository/io/quarkus/security/quarkus-security/1.0.1.Final/quarkus-security-1.0.1.Final.jar:/home/bahl/.m2/repository/io/quarkus/quarkus-vertx-core/1.3.2.Final/quarkus-vertx-core-1.3.2.Final.jar:/home/bahl/.m2/repository/io/quarkus/quarkus-netty/1.3.2.Final/quarkus-netty-1.3.2.Final.jar:/home/bahl/.m2/repository/io/netty/netty-codec/4.1.45.Final/netty-codec-4.1.45.Final.jar:/home/bahl/.m2/repository/io/netty/netty-handler/4.1.45.Final/netty-handler-4.1.45.Final.jar:/home/bahl/.m2/repository/io/vertx/vertx-core/3.8.5/vertx-core-3.8.5.jar:/home/bahl/.m2/repository/io/netty/netty-common/4.1.45.Final/netty-common-4.1.45.Final.jar:/home/bahl/.m2/repository/io/netty/netty-buffer/4.1.45.Final/netty-buffer-4.1.45.Final.jar:/home/bahl/.m2/repository/io/netty/netty-transport/4.1.45.Final/netty-transport-4.1.45.Final.jar:/home/bahl/.m2/repository/io/netty/netty-handler-proxy/4.1.45.Final/netty-handler-proxy-4.1.45.Final.jar:/home/bahl/.m2/repository/io/netty/netty-codec-socks/4.1.45.Final/netty-codec-socks-4.1.45.Final.jar:/home/bahl/.m2/repository/io/netty/netty-codec-http/4.1.45.Final/netty-codec-http-4.1.45.Final.jar:/home/bahl/.m2/repository/io/netty/netty-codec-http2/4.1.45.Final/netty-codec-http2-4.1.45.Final.jar:/home/bahl/.m2/repository/io/netty/netty-resolver/4.1.45.Final/netty-resolver-4.1.45.Final.jar:/home/bahl/.m2/repository/io/netty/netty-resolver-dns/4.1.45.Final/netty-resolver-dns-4.1.45.Final.jar:/home/bahl/.m2/repository/io/netty/netty-codec-dns/4.1.45.Final/netty-codec-dns-4.1.45.Final.jar:/home/bahl/.m2/repository/io/vertx/vertx-web/3.8.5/vertx-web-3.8.5.jar:/home/bahl/.m2/repository/io/vertx/vertx-web-common/3.8.5/vertx-web-common-3.8.5.jar:/home/bahl/.m2/repository/io/vertx/vertx-auth-common/3.8.5/vertx-auth-common-3.8.5.jar:/home/bahl/.m2/repository/io/vertx/vertx-bridge-common/3.8.5/vertx-bridge-common-3.8.5.jar:/home/bahl/.m2/repository/io/quarkus/quarkus-resteasy-server-common/1.3.2.Final/quarkus-resteasy-server-common-1.3.2.Final.jar:/home/bahl/.m2/repository/io/quarkus/quarkus-resteasy-common/1.3.2.Final/quarkus-resteasy-common-1.3.2.Final.jar:/home/bahl/.m2/repository/org/jboss/resteasy/resteasy-core/4.5.3.Final/resteasy-core-4.5.3.Final.jar:/home/bahl/.m2/repository/org/jboss/spec/javax/ws/rs/jboss-jaxrs-api_2.1_spec/2.0.1.Final/jboss-jaxrs-api_2.1_spec-2.0.1.Final.jar:/home/bahl/.m2/repository/org/jboss/resteasy/resteasy-core-spi/4.5.3.Final/resteasy-core-spi-4.5.3.Final.jar:/home/bahl/.m2/repository/org/reactivestreams/reactive-streams/1.0.3/reactive-streams-1.0.3.jar:/home/bahl/.m2/repository/jakarta/validation/jakarta.validation-api/2.0.2/jakarta.validation-api-2.0.2.jar:/home/bahl/.m2/repository/io/quarkus/quarkus-junit5/1.3.2.Final/quarkus-junit5-1.3.2.Final.jar:/home/bahl/.m2/repository/io/quarkus/quarkus-bootstrap-core/1.3.2.Final/quarkus-bootstrap-core-1.3.2.Final.jar:/home/bahl/.m2/repository/org/ow2/asm/asm/7.3.1/asm-7.3.1.jar:/home/bahl/.m2/repository/org/apache/maven/maven-embedder/3.6.3/maven-embedder-3.6.3.jar:/home/bahl/.m2/repository/org/apache/maven/maven-settings/3.6.3/maven-settings-3.6.3.jar:/home/bahl/.m2/repository/org/apache/maven/maven-core/3.6.3/maven-core-3.6.3.jar:/home/bahl/.m2/repository/org/apache/maven/maven-artifact/3.6.3/maven-artifact-3.6.3.jar:/home/bahl/.m2/repository/org/codehaus/plexus/plexus-component-annotations/2.1.0/plexus-component-annotations-2.1.0.jar:/home/bahl/.m2/repository/org/apache/maven/maven-plugin-api/3.6.3/maven-plugin-api-3.6.3.jar:/home/bahl/.m2/repository/org/apache/maven/maven-model/3.6.3/maven-model-3.6.3.jar:/home/bahl/.m2/repository/org/apache/maven/maven-model-builder/3.6.3/maven-model-builder-3.6.3.jar:/home/bahl/.m2/repository/org/apache/maven/maven-builder-support/3.6.3/maven-builder-support-3.6.3.jar:/home/bahl/.m2/repository/org/apache/maven/resolver/maven-resolver-api/1.4.1/maven-resolver-api-1.4.1.jar:/home/bahl/.m2/repository/org/apache/maven/resolver/maven-resolver-util/1.4.1/maven-resolver-util-1.4.1.jar:/home/bahl/.m2/repository/org/apache/maven/shared/maven-shared-utils/3.2.1/maven-shared-utils-3.2.1.jar:/home/bahl/.m2/repository/commons-io/commons-io/2.6/commons-io-2.6.jar:/home/bahl/.m2/repository/com/google/inject/guice/4.2.1/guice-4.2.1-no_aop.jar:/home/bahl/.m2/repository/org/codehaus/plexus/plexus-utils/3.2.1/plexus-utils-3.2.1.jar:/home/bahl/.m2/repository/org/eclipse/sisu/org.eclipse.sisu.plexus/0.3.4/org.eclipse.sisu.plexus-0.3.4.jar:/home/bahl/.m2/repository/commons-cli/commons-cli/1.4/commons-cli-1.4.jar:/home/bahl/.m2/repository/org/apache/maven/maven-settings-builder/3.6.3/maven-settings-builder-3.6.3.jar:/home/bahl/.m2/repository/org/codehaus/plexus/plexus-interpolation/1.25/plexus-interpolation-1.25.jar:/home/bahl/.m2/repository/org/sonatype/plexus/plexus-sec-dispatcher/1.4/plexus-sec-dispatcher-1.4.jar:/home/bahl/.m2/repository/org/sonatype/plexus/plexus-cipher/1.4/plexus-cipher-1.4.jar:/home/bahl/.m2/repository/org/apache/maven/maven-resolver-provider/3.6.3/maven-resolver-provider-3.6.3.jar:/home/bahl/.m2/repository/org/apache/maven/maven-repository-metadata/3.6.3/maven-repository-metadata-3.6.3.jar:/home/bahl/.m2/repository/org/apache/maven/resolver/maven-resolver-spi/1.4.1/maven-resolver-spi-1.4.1.jar:/home/bahl/.m2/repository/org/apache/maven/resolver/maven-resolver-impl/1.4.1/maven-resolver-impl-1.4.1.jar:/home/bahl/.m2/repository/org/apache/maven/resolver/maven-resolver-connector-basic/1.4.1/maven-resolver-connector-basic-1.4.1.jar:/home/bahl/.m2/repository/org/apache/maven/resolver/maven-resolver-transport-wagon/1.4.1/maven-resolver-transport-wagon-1.4.1.jar:/home/bahl/.m2/repository/org/apache/maven/wagon/wagon-http/3.3.4/wagon-http-3.3.4.jar:/home/bahl/.m2/repository/org/apache/maven/wagon/wagon-http-shared/3.3.4/wagon-http-shared-3.3.4.jar:/home/bahl/.m2/repository/org/jsoup/jsoup/1.12.1/jsoup-1.12.1.jar:/home/bahl/.m2/repository/org/apache/maven/wagon/wagon-provider-api/3.3.4/wagon-provider-api-3.3.4.jar:/home/bahl/.m2/repository/org/apache/maven/wagon/wagon-file/3.3.4/wagon-file-3.3.4.jar:/home/bahl/.m2/repository/org/jboss/logging/commons-logging-jboss-logging/1.0.0.Final/commons-logging-jboss-logging-1.0.0.Final.jar:/home/bahl/.m2/repository/io/quarkus/quarkus-test-common/1.3.2.Final/quarkus-test-common-1.3.2.Final.jar:/home/bahl/.m2/repository/io/quarkus/quarkus-core-deployment/1.3.2.Final/quarkus-core-deployment-1.3.2.Final.jar:/home/bahl/.m2/repository/io/quarkus/gizmo/gizmo/1.0.2.Final/gizmo-1.0.2.Final.jar:/home/bahl/.m2/repository/org/ow2/asm/asm-util/7.3.1/asm-util-7.3.1.jar:/home/bahl/.m2/repository/org/ow2/asm/asm-tree/7.3.1/asm-tree-7.3.1.jar:/home/bahl/.m2/repository/org/ow2/asm/asm-analysis/7.3.1/asm-analysis-7.3.1.jar:/home/bahl/.m2/repository/io/quarkus/quarkus-builder/1.3.2.Final/quarkus-builder-1.3.2.Final.jar:/home/bahl/.m2/repository/io/quarkus/quarkus-jsonp-deployment/1.3.2.Final/quarkus-jsonp-deployment-1.3.2.Final.jar:/home/bahl/.m2/repository/org/jboss/jandex/2.1.3.Final/jandex-2.1.3.Final.jar:/home/bahl/.m2/repository/org/junit/jupiter/junit-jupiter/5.6.0/junit-jupiter-5.6.0.jar:/home/bahl/.m2/repository/org/junit/jupiter/junit-jupiter-api/5.6.0/junit-jupiter-api-5.6.0.jar:/home/bahl/.m2/repository/org/apiguardian/apiguardian-api/1.1.0/apiguardian-api-1.1.0.jar:/home/bahl/.m2/repository/org/opentest4j/opentest4j/1.2.0/opentest4j-1.2.0.jar:/home/bahl/.m2/repository/org/junit/platform/junit-platform-commons/1.6.0/junit-platform-commons-1.6.0.jar:/home/bahl/.m2/repository/org/junit/jupiter/junit-jupiter-params/5.6.0/junit-jupiter-params-5.6.0.jar:/home/bahl/.m2/repository/org/junit/jupiter/junit-jupiter-engine/5.6.0/junit-jupiter-engine-5.6.0.jar:/home/bahl/.m2/repository/org/junit/platform/junit-platform-engine/1.6.0/junit-platform-engine-1.6.0.jar:/home/bahl/.m2/repository/io/rest-assured/rest-assured/4.3.0/rest-assured-4.3.0.jar:/home/bahl/.m2/repository/org/codehaus/groovy/groovy/3.0.2/groovy-3.0.2.jar:/home/bahl/.m2/repository/org/codehaus/groovy/groovy-xml/3.0.2/groovy-xml-3.0.2.jar:/home/bahl/.m2/repository/org/apache/httpcomponents/httpclient/4.5.11/httpclient-4.5.11.jar:/home/bahl/.m2/repository/org/apache/httpcomponents/httpcore/4.4.13/httpcore-4.4.13.jar:/home/bahl/.m2/repository/commons-codec/commons-codec/1.13/commons-codec-1.13.jar:/home/bahl/.m2/repository/org/apache/httpcomponents/httpmime/4.5.3/httpmime-4.5.3.jar:/home/bahl/.m2/repository/org/hamcrest/hamcrest/2.1/hamcrest-2.1.jar:/home/bahl/.m2/repository/org/ccil/cowan/tagsoup/tagsoup/1.2.1/tagsoup-1.2.1.jar:/home/bahl/.m2/repository/io/rest-assured/json-path/4.3.0/json-path-4.3.0.jar:/home/bahl/.m2/repository/org/codehaus/groovy/groovy-json/3.0.2/groovy-json-3.0.2.jar:/home/bahl/.m2/repository/io/rest-assured/rest-assured-common/4.3.0/rest-assured-common-4.3.0.jar:/home/bahl/.m2/repository/io/rest-assured/xml-path/4.3.0/xml-path-4.3.0.jar:/home/bahl/.m2/repository/org/apache/commons/commons-lang3/3.9/commons-lang3-3.9.jar:/home/bahl/.m2/repository/jakarta/xml/bind/jakarta.xml.bind-api/2.3.2/jakarta.xml.bind-api-2.3.2.jar:/home/bahl/.m2/repository/jakarta/activation/jakarta.activation-api/1.2.1/jakarta.activation-api-1.2.1.jar:/home/bahl/.m2/repository/org/apache/sling/org.apache.sling.javax.activation/0.1.0/org.apache.sling.javax.activation-0.1.0.jar:/home/bahl/.m2/repository/io/quarkus/quarkus-resteasy-jackson/1.3.2.Final/quarkus-resteasy-jackson-1.3.2.Final.jar:/home/bahl/.m2/repository/io/quarkus/quarkus-jackson/1.3.2.Final/quarkus-jackson-1.3.2.Final.jar:/home/bahl/.m2/repository/com/fasterxml/jackson/core/jackson-databind/2.10.2/jackson-databind-2.10.2.jar:/home/bahl/.m2/repository/com/fasterxml/jackson/datatype/jackson-datatype-jsr310/2.10.2/jackson-datatype-jsr310-2.10.2.jar:/home/bahl/.m2/repository/com/fasterxml/jackson/datatype/jackson-datatype-jdk8/2.10.2/jackson-datatype-jdk8-2.10.2.jar:/home/bahl/.m2/repository/com/fasterxml/jackson/module/jackson-module-parameter-names/2.10.2/jackson-module-parameter-names-2.10.2.jar:/home/bahl/.m2/repository/org/jboss/resteasy/resteasy-jackson2-provider/4.5.3.Final/resteasy-jackson2-provider-4.5.3.Final.jar:/home/bahl/.m2/repository/org/jboss/resteasy/resteasy-jaxb-provider/4.5.3.Final/resteasy-jaxb-provider-4.5.3.Final.jar:/home/bahl/.m2/repository/com/fasterxml/jackson/core/jackson-core/2.10.2/jackson-core-2.10.2.jar:/home/bahl/.m2/repository/com/fasterxml/jackson/core/jackson-annotations/2.10.2/jackson-annotations-2.10.2.jar:/home/bahl/.m2/repository/com/fasterxml/jackson/jaxrs/jackson-jaxrs-json-provider/2.10.2/jackson-jaxrs-json-provider-2.10.2.jar:/home/bahl/.m2/repository/com/fasterxml/jackson/jaxrs/jackson-jaxrs-base/2.10.2/jackson-jaxrs-base-2.10.2.jar:/home/bahl/.m2/repository/com/fasterxml/jackson/module/jackson-module-jaxb-annotations/2.10.2/jackson-module-jaxb-annotations-2.10.2.jar:/home/bahl/.m2/repository/com/github/fge/json-patch/1.9/json-patch-1.9.jar:/home/bahl/.m2/repository/com/github/fge/jackson-coreutils/1.6/jackson-coreutils-1.6.jar:/home/bahl/.m2/repository/com/github/fge/msg-simple/1.1/msg-simple-1.1.jar:/home/bahl/.m2/repository/com/github/fge/btf/1.2/btf-1.2.jar:/home/bahl/.m2/repository/com/google/guava/guava/27.0.1-jre/guava-27.0.1-jre.jar:/home/bahl/.m2/repository/com/google/guava/failureaccess/1.0.1/failureaccess-1.0.1.jar:/home/bahl/.m2/repository/com/google/guava/listenablefuture/9999.0-empty-to-avoid-conflict-with-guava/listenablefuture-9999.0-empty-to-avoid-conflict-with-guava.jar:/home/bahl/.m2/repository/org/jboss/spec/javax/xml/bind/jboss-jaxb-api_2.3_spec/2.0.0.Final/jboss-jaxb-api_2.3_spec-2.0.0.Final.jar:/home/bahl/.m2/repository/io/quarkus/quarkus-smallrye-metrics/1.3.2.Final/quarkus-smallrye-metrics-1.3.2.Final.jar:/home/bahl/.m2/repository/io/smallrye/smallrye-metrics/2.4.1/smallrye-metrics-2.4.1.jar:/home/bahl/.m2/repository/io/quarkus/quarkus-arc/1.3.2.Final/quarkus-arc-1.3.2.Final.jar:/home/bahl/.m2/repository/io/quarkus/arc/arc/1.3.2.Final/arc-1.3.2.Final.jar:/home/bahl/.m2/repository/org/eclipse/microprofile/context-propagation/microprofile-context-propagation-api/1.0.1/microprofile-context-propagation-api-1.0.1.jar:/home/bahl/.m2/repository/io/quarkus/quarkus-jsonp/1.3.2.Final/quarkus-jsonp-1.3.2.Final.jar:/home/bahl/.m2/repository/org/glassfish/jakarta.json/1.1.6/jakarta.json-1.1.6.jar:/home/bahl/.m2/repository/org/eclipse/microprofile/metrics/microprofile-metrics-api/2.3/microprofile-metrics-api-2.3.jar:/home/bahl/.m2/repository/io/quarkus/quarkus-smallrye-health/1.3.2.Final/quarkus-smallrye-health-1.3.2.Final.jar:/home/bahl/.m2/repository/io/smallrye/smallrye-health/2.2.0/smallrye-health-2.2.0.jar:/home/bahl/.m2/repository/org/eclipse/microprofile/health/microprofile-health-api/2.2/microprofile-health-api-2.2.jar:/home/bahl/.m2/repository/io/smallrye/smallrye-health-extension-api/2.2.0/smallrye-health-extension-api-2.2.0.jar:/home/bahl/.m2/repository/jakarta/inject/jakarta.inject-api/1.0/jakarta.inject-api-1.0.jar:/home/bahl/.m2/repository/io/quarkus/quarkus-hibernate-orm/1.3.2.Final/quarkus-hibernate-orm-1.3.2.Final.jar:/home/bahl/.m2/repository/io/quarkus/quarkus-agroal/1.3.2.Final/quarkus-agroal-1.3.2.Final.jar:/home/bahl/.m2/repository/io/quarkus/quarkus-datasource/1.3.2.Final/quarkus-datasource-1.3.2.Final.jar:/home/bahl/.m2/repository/io/quarkus/quarkus-datasource-common/1.3.2.Final/quarkus-datasource-common-1.3.2.Final.jar:/home/bahl/.m2/repository/org/jboss/narayana/jta/narayana-jta/5.10.1.Final/narayana-jta-5.10.1.Final.jar:/home/bahl/.m2/repository/org/jboss/jboss-transaction-spi/7.6.0.Final/jboss-transaction-spi-7.6.0.Final.jar:/home/bahl/.m2/repository/org/jboss/spec/javax/resource/jboss-connector-api_1.7_spec/1.0.0.Final/jboss-connector-api_1.7_spec-1.0.0.Final.jar:/home/bahl/.m2/repository/org/jboss/narayana/jts/narayana-jts-integration/5.10.1.Final/narayana-jts-integration-5.10.1.Final.jar:/home/bahl/.m2/repository/io/agroal/agroal-api/1.7/agroal-api-1.7.jar:/home/bahl/.m2/repository/io/agroal/agroal-narayana/1.7/agroal-narayana-1.7.jar:/home/bahl/.m2/repository/io/agroal/agroal-pool/1.7/agroal-pool-1.7.jar:/home/bahl/.m2/repository/io/quarkus/quarkus-vault-spi/1.3.2.Final/quarkus-vault-spi-1.3.2.Final.jar:/home/bahl/.m2/repository/io/quarkus/quarkus-narayana-jta/1.3.2.Final/quarkus-narayana-jta-1.3.2.Final.jar:/home/bahl/.m2/repository/io/smallrye/reactive/smallrye-reactive-streams-operators/1.0.10/smallrye-reactive-streams-operators-1.0.10.jar:/home/bahl/.m2/repository/org/eclipse/microprofile/reactive-streams-operators/microprofile-reactive-streams-operators-api/1.0/microprofile-reactive-streams-operators-api-1.0.jar:/home/bahl/.m2/repository/org/eclipse/microprofile/reactive-streams-operators/microprofile-reactive-streams-operators-core/1.0/microprofile-reactive-streams-operators-core-1.0.jar:/home/bahl/.m2/repository/io/reactivex/rxjava2/rxjava/2.2.18/rxjava-2.2.18.jar:/home/bahl/.m2/repository/io/smallrye/smallrye-context-propagation-jta/1.0.11/smallrye-context-propagation-jta-1.0.11.jar:/home/bahl/.m2/repository/io/smallrye/reactive/smallrye-reactive-converter-api/1.0.10/smallrye-reactive-converter-api-1.0.10.jar:/home/bahl/.m2/repository/org/hibernate/hibernate-core/5.4.14.Final/hibernate-core-5.4.14.Final.jar:/home/bahl/.m2/repository/net/bytebuddy/byte-buddy/1.10.7/byte-buddy-1.10.7.jar:/home/bahl/.m2/repository/antlr/antlr/2.7.7/antlr-2.7.7.jar:/home/bahl/.m2/repository/com/fasterxml/classmate/1.3.4/classmate-1.3.4.jar:/home/bahl/.m2/repository/org/dom4j/dom4j/2.1.1/dom4j-2.1.1.jar:/home/bahl/.m2/repository/org/hibernate/common/hibernate-commons-annotations/5.1.0.Final/hibernate-commons-annotations-5.1.0.Final.jar:/home/bahl/.m2/repository/org/hibernate/hibernate-graalvm/5.4.14.Final/hibernate-graalvm-5.4.14.Final.jar:/home/bahl/.m2/repository/org/glassfish/jaxb/jaxb-runtime/2.3.3-b02/jaxb-runtime-2.3.3-b02.jar:/home/bahl/.m2/repository/org/glassfish/jaxb/txw2/2.3.3-b02/txw2-2.3.3-b02.jar:/home/bahl/.m2/repository/com/sun/istack/istack-commons-runtime/3.0.10/istack-commons-runtime-3.0.10.jar:/home/bahl/.m2/repository/com/sun/activation/jakarta.activation/1.2.1/jakarta.activation-1.2.1.jar:/home/bahl/.m2/repository/jakarta/persistence/jakarta.persistence-api/2.2.3/jakarta.persistence-api-2.2.3.jar:/home/bahl/.m2/repository/jakarta/transaction/jakarta.transaction-api/1.3.3/jakarta.transaction-api-1.3.3.jar:/home/bahl/.m2/repository/org/hibernate/quarkus-local-cache/0.1.0/quarkus-local-cache-0.1.0.jar:/home/bahl/.m2/repository/com/github/ben-manes/caffeine/caffeine/2.8.0/caffeine-2.8.0.jar:/home/bahl/.m2/repository/com/google/errorprone/error_prone_annotations/2.2.0/error_prone_annotations-2.2.0.jar:/home/bahl/.m2/repository/io/quarkus/quarkus-caffeine/1.3.2.Final/quarkus-caffeine-1.3.2.Final.jar:/home/bahl/.m2/repository/io/quarkus/quarkus-jdbc-mysql/1.3.2.Final/quarkus-jdbc-mysql-1.3.2.Final.jar:/home/bahl/.m2/repository/mysql/mysql-connector-java/8.0.19/mysql-connector-java-8.0.19.jar:"/>
    <property name="java.vm.vendor" value="Ubuntu"/>
    <property name="sun.arch.data.model" value="64"/>
    <property name="java.vendor.url" value="https://ubuntu.com/"/>
    <property name="user.timezone" value=""/>
    <property name="java.vm.specification.version" value="11"/>
    <property name="os.name" value="Linux"/>
    <property name="sun.java.launcher" value="SUN_STANDARD"/>
    <property name="user.country" value="US"/>
    <property name="sun.boot.library.path" value="/usr/lib/jvm/java-11-openjdk-amd64/lib"/>
    <property name="sun.java.command" value="/home/bahl/Documents/deployment/apm-projects/sample-quarkus-app/target/surefire/surefirebooter18229090936170335506.jar /home/bahl/Documents/deployment/apm-projects/sample-quarkus-app/target/surefire 2023-07-10T21-39-19_314-jvmRun1 surefire5902481417887348234tmp surefire_011407503117874867701tmp"/>
    <property name="jdk.debug" value="release"/>
    <property name="surefire.test.class.path" value="/home/bahl/Documents/deployment/apm-projects/sample-quarkus-app/target/test-classes:/home/bahl/Documents/deployment/apm-projects/sample-quarkus-app/target/classes:/home/bahl/.m2/repository/co/elastic/apm/apm-agent-attach/1.37.0/apm-agent-attach-1.37.0.jar:/home/bahl/.m2/repository/net/java/dev/jna/jna/5.3.1/jna-5.3.1.jar:/home/bahl/.m2/repository/net/java/dev/jna/jna-platform/5.3.1/jna-platform-5.3.1.jar:/home/bahl/.m2/repository/io/quarkus/quarkus-logging-gelf/1.3.2.Final/quarkus-logging-gelf-1.3.2.Final.jar:/home/bahl/.m2/repository/biz/paluch/logging/logstash-gelf/1.14.0/logstash-gelf-1.14.0.jar:/home/bahl/.m2/repository/io/quarkus/quarkus-core/1.3.2.Final/quarkus-core-1.3.2.Final.jar:/home/bahl/.m2/repository/jakarta/annotation/jakarta.annotation-api/1.3.5/jakarta.annotation-api-1.3.5.jar:/home/bahl/.m2/repository/jakarta/enterprise/jakarta.enterprise.cdi-api/2.0.2/jakarta.enterprise.cdi-api-2.0.2.jar:/home/bahl/.m2/repository/jakarta/el/jakarta.el-api/3.0.3/jakarta.el-api-3.0.3.jar:/home/bahl/.m2/repository/jakarta/interceptor/jakarta.interceptor-api/1.2.5/jakarta.interceptor-api-1.2.5.jar:/home/bahl/.m2/repository/io/smallrye/config/smallrye-config/1.7.0/smallrye-config-1.7.0.jar:/home/bahl/.m2/repository/io/smallrye/config/smallrye-config-common/1.7.0/smallrye-config-common-1.7.0.jar:/home/bahl/.m2/repository/org/eclipse/microprofile/config/microprofile-config-api/1.4/microprofile-config-api-1.4.jar:/home/bahl/.m2/repository/org/jboss/logging/jboss-logging/3.3.2.Final/jboss-logging-3.3.2.Final.jar:/home/bahl/.m2/repository/org/jboss/logmanager/jboss-logmanager-embedded/1.0.4/jboss-logmanager-embedded-1.0.4.jar:/home/bahl/.m2/repository/org/jboss/logging/jboss-logging-annotations/2.1.0.Final/jboss-logging-annotations-2.1.0.Final.jar:/home/bahl/.m2/repository/org/jboss/threads/jboss-threads/3.0.1.Final/jboss-threads-3.0.1.Final.jar:/home/bahl/.m2/repository/org/slf4j/slf4j-api/1.7.29/slf4j-api-1.7.29.jar:/home/bahl/.m2/repository/org/jboss/slf4j/slf4j-jboss-logging/1.2.0.Final/slf4j-jboss-logging-1.2.0.Final.jar:/home/bahl/.m2/repository/org/graalvm/sdk/graal-sdk/19.3.1/graal-sdk-19.3.1.jar:/home/bahl/.m2/repository/org/wildfly/common/wildfly-common/1.5.4.Final-format-001/wildfly-common-1.5.4.Final-format-001.jar:/home/bahl/.m2/repository/co/elastic/apm/elastic-apm-agent/1.37.0/elastic-apm-agent-1.37.0.jar:/home/bahl/.m2/repository/co/elastic/apm/apm-agent-api/1.37.0/apm-agent-api-1.37.0.jar:/home/bahl/.m2/repository/co/elastic/apm/apm-agent-attach-cli/1.37.0/apm-agent-attach-cli-1.37.0.jar:/home/bahl/.m2/repository/io/quarkus/quarkus-resteasy/1.3.2.Final/quarkus-resteasy-1.3.2.Final.jar:/home/bahl/.m2/repository/io/quarkus/quarkus-vertx-http/1.3.2.Final/quarkus-vertx-http-1.3.2.Final.jar:/home/bahl/.m2/repository/io/quarkus/quarkus-development-mode-spi/1.3.2.Final/quarkus-development-mode-spi-1.3.2.Final.jar:/home/bahl/.m2/repository/io/quarkus/security/quarkus-security/1.0.1.Final/quarkus-security-1.0.1.Final.jar:/home/bahl/.m2/repository/io/quarkus/quarkus-vertx-core/1.3.2.Final/quarkus-vertx-core-1.3.2.Final.jar:/home/bahl/.m2/repository/io/quarkus/quarkus-netty/1.3.2.Final/quarkus-netty-1.3.2.Final.jar:/home/bahl/.m2/repository/io/netty/netty-codec/4.1.45.Final/netty-codec-4.1.45.Final.jar:/home/bahl/.m2/repository/io/netty/netty-handler/4.1.45.Final/netty-handler-4.1.45.Final.jar:/home/bahl/.m2/repository/io/vertx/vertx-core/3.8.5/vertx-core-3.8.5.jar:/home/bahl/.m2/repository/io/netty/netty-common/4.1.45.Final/netty-common-4.1.45.Final.jar:/home/bahl/.m2/repository/io/netty/netty-buffer/4.1.45.Final/netty-buffer-4.1.45.Final.jar:/home/bahl/.m2/repository/io/netty/netty-transport/4.1.45.Final/netty-transport-4.1.45.Final.jar:/home/bahl/.m2/repository/io/netty/netty-handler-proxy/4.1.45.Final/netty-handler-proxy-4.1.45.Final.jar:/home/bahl/.m2/repository/io/netty/netty-codec-socks/4.1.45.Final/netty-codec-socks-4.1.45.Final.jar:/home/bahl/.m2/repository/io/netty/netty-codec-http/4.1.45.Final/netty-codec-http-4.1.45.Final.jar:/home/bahl/.m2/repository/io/netty/netty-codec-http2/4.1.45.Final/netty-codec-http2-4.1.45.Final.jar:/home/bahl/.m2/repository/io/netty/netty-resolver/4.1.45.Final/netty-resolver-4.1.45.Final.jar:/home/bahl/.m2/repository/io/netty/netty-resolver-dns/4.1.45.Final/netty-resolver-dns-4.1.45.Final.jar:/home/bahl/.m2/repository/io/netty/netty-codec-dns/4.1.45.Final/netty-codec-dns-4.1.45.Final.jar:/home/bahl/.m2/repository/io/vertx/vertx-web/3.8.5/vertx-web-3.8.5.jar:/home/bahl/.m2/repository/io/vertx/vertx-web-common/3.8.5/vertx-web-common-3.8.5.jar:/home/bahl/.m2/repository/io/vertx/vertx-auth-common/3.8.5/vertx-auth-common-3.8.5.jar:/home/bahl/.m2/repository/io/vertx/vertx-bridge-common/3.8.5/vertx-bridge-common-3.8.5.jar:/home/bahl/.m2/repository/io/quarkus/quarkus-resteasy-server-common/1.3.2.Final/quarkus-resteasy-server-common-1.3.2.Final.jar:/home/bahl/.m2/repository/io/quarkus/quarkus-resteasy-common/1.3.2.Final/quarkus-resteasy-common-1.3.2.Final.jar:/home/bahl/.m2/repository/org/jboss/resteasy/resteasy-core/4.5.3.Final/resteasy-core-4.5.3.Final.jar:/home/bahl/.m2/repository/org/jboss/spec/javax/ws/rs/jboss-jaxrs-api_2.1_spec/2.0.1.Final/jboss-jaxrs-api_2.1_spec-2.0.1.Final.jar:/home/bahl/.m2/repository/org/jboss/resteasy/resteasy-core-spi/4.5.3.Final/resteasy-core-spi-4.5.3.Final.jar:/home/bahl/.m2/repository/org/reactivestreams/reactive-streams/1.0.3/reactive-streams-1.0.3.jar:/home/bahl/.m2/repository/jakarta/validation/jakarta.validation-api/2.0.2/jakarta.validation-api-2.0.2.jar:/home/bahl/.m2/repository/io/quarkus/quarkus-junit5/1.3.2.Final/quarkus-junit5-1.3.2.Final.jar:/home/bahl/.m2/repository/io/quarkus/quarkus-bootstrap-core/1.3.2.Final/quarkus-bootstrap-core-1.3.2.Final.jar:/home/bahl/.m2/repository/org/ow2/asm/asm/7.3.1/asm-7.3.1.jar:/home/bahl/.m2/repository/org/apache/maven/maven-embedder/3.6.3/maven-embedder-3.6.3.jar:/home/bahl/.m2/repository/org/apache/maven/maven-settings/3.6.3/maven-settings-3.6.3.jar:/home/bahl/.m2/repository/org/apache/maven/maven-core/3.6.3/maven-core-3.6.3.jar:/home/bahl/.m2/repository/org/apache/maven/maven-artifact/3.6.3/maven-artifact-3.6.3.jar:/home/bahl/.m2/repository/org/codehaus/plexus/plexus-component-annotations/2.1.0/plexus-component-annotations-2.1.0.jar:/home/bahl/.m2/repository/org/apache/maven/maven-plugin-api/3.6.3/maven-plugin-api-3.6.3.jar:/home/bahl/.m2/repository/org/apache/maven/maven-model/3.6.3/maven-model-3.6.3.jar:/home/bahl/.m2/repository/org/apache/maven/maven-model-builder/3.6.3/maven-model-builder-3.6.3.jar:/home/bahl/.m2/repository/org/apache/maven/maven-builder-support/3.6.3/maven-builder-support-3.6.3.jar:/home/bahl/.m2/repository/org/apache/maven/resolver/maven-resolver-api/1.4.1/maven-resolver-api-1.4.1.jar:/home/bahl/.m2/repository/org/apache/maven/resolver/maven-resolver-util/1.4.1/maven-resolver-util-1.4.1.jar:/home/bahl/.m2/repository/org/apache/maven/shared/maven-shared-utils/3.2.1/maven-shared-utils-3.2.1.jar:/home/bahl/.m2/repository/commons-io/commons-io/2.6/commons-io-2.6.jar:/home/bahl/.m2/repository/com/google/inject/guice/4.2.1/guice-4.2.1-no_aop.jar:/home/bahl/.m2/repository/org/codehaus/plexus/plexus-utils/3.2.1/plexus-utils-3.2.1.jar:/home/bahl/.m2/repository/org/eclipse/sisu/org.eclipse.sisu.plexus/0.3.4/org.eclipse.sisu.plexus-0.3.4.jar:/home/bahl/.m2/repository/commons-cli/commons-cli/1.4/commons-cli-1.4.jar:/home/bahl/.m2/repository/org/apache/maven/maven-settings-builder/3.6.3/maven-settings-builder-3.6.3.jar:/home/bahl/.m2/repository/org/codehaus/plexus/plexus-interpolation/1.25/plexus-interpolation-1.25.jar:/home/bahl/.m2/repository/org/sonatype/plexus/plexus-sec-dispatcher/1.4/plexus-sec-dispatcher-1.4.jar:/home/bahl/.m2/repository/org/sonatype/plexus/plexus-cipher/1.4/plexus-cipher-1.4.jar:/home/bahl/.m2/repository/org/apache/maven/maven-resolver-provider/3.6.3/maven-resolver-provider-3.6.3.jar:/home/bahl/.m2/repository/org/apache/maven/maven-repository-metadata/3.6.3/maven-repository-metadata-3.6.3.jar:/home/bahl/.m2/repository/org/apache/maven/resolver/maven-resolver-spi/1.4.1/maven-resolver-spi-1.4.1.jar:/home/bahl/.m2/repository/org/apache/maven/resolver/maven-resolver-impl/1.4.1/maven-resolver-impl-1.4.1.jar:/home/bahl/.m2/repository/org/apache/maven/resolver/maven-resolver-connector-basic/1.4.1/maven-resolver-connector-basic-1.4.1.jar:/home/bahl/.m2/repository/org/apache/maven/resolver/maven-resolver-transport-wagon/1.4.1/maven-resolver-transport-wagon-1.4.1.jar:/home/bahl/.m2/repository/org/apache/maven/wagon/wagon-http/3.3.4/wagon-http-3.3.4.jar:/home/bahl/.m2/repository/org/apache/maven/wagon/wagon-http-shared/3.3.4/wagon-http-shared-3.3.4.jar:/home/bahl/.m2/repository/org/jsoup/jsoup/1.12.1/jsoup-1.12.1.jar:/home/bahl/.m2/repository/org/apache/maven/wagon/wagon-provider-api/3.3.4/wagon-provider-api-3.3.4.jar:/home/bahl/.m2/repository/org/apache/maven/wagon/wagon-file/3.3.4/wagon-file-3.3.4.jar:/home/bahl/.m2/repository/org/jboss/logging/commons-logging-jboss-logging/1.0.0.Final/commons-logging-jboss-logging-1.0.0.Final.jar:/home/bahl/.m2/repository/io/quarkus/quarkus-test-common/1.3.2.Final/quarkus-test-common-1.3.2.Final.jar:/home/bahl/.m2/repository/io/quarkus/quarkus-core-deployment/1.3.2.Final/quarkus-core-deployment-1.3.2.Final.jar:/home/bahl/.m2/repository/io/quarkus/gizmo/gizmo/1.0.2.Final/gizmo-1.0.2.Final.jar:/home/bahl/.m2/repository/org/ow2/asm/asm-util/7.3.1/asm-util-7.3.1.jar:/home/bahl/.m2/repository/org/ow2/asm/asm-tree/7.3.1/asm-tree-7.3.1.jar:/home/bahl/.m2/repository/org/ow2/asm/asm-analysis/7.3.1/asm-analysis-7.3.1.jar:/home/bahl/.m2/repository/io/quarkus/quarkus-builder/1.3.2.Final/quarkus-builder-1.3.2.Final.jar:/home/bahl/.m2/repository/io/quarkus/quarkus-jsonp-deployment/1.3.2.Final/quarkus-jsonp-deployment-1.3.2.Final.jar:/home/bahl/.m2/repository/org/jboss/jandex/2.1.3.Final/jandex-2.1.3.Final.jar:/home/bahl/.m2/repository/org/junit/jupiter/junit-jupiter/5.6.0/junit-jupiter-5.6.0.jar:/home/bahl/.m2/repository/org/junit/jupiter/junit-jupiter-api/5.6.0/junit-jupiter-api-5.6.0.jar:/home/bahl/.m2/repository/org/apiguardian/apiguardian-api/1.1.0/apiguardian-api-1.1.0.jar:/home/bahl/.m2/repository/org/opentest4j/opentest4j/1.2.0/opentest4j-1.2.0.jar:/home/bahl/.m2/repository/org/junit/platform/junit-platform-commons/1.6.0/junit-platform-commons-1.6.0.jar:/home/bahl/.m2/repository/org/junit/jupiter/junit-jupiter-params/5.6.0/junit-jupiter-params-5.6.0.jar:/home/bahl/.m2/repository/org/junit/jupiter/junit-jupiter-engine/5.6.0/junit-jupiter-engine-5.6.0.jar:/home/bahl/.m2/repository/org/junit/platform/junit-platform-engine/1.6.0/junit-platform-engine-1.6.0.jar:/home/bahl/.m2/repository/io/rest-assured/rest-assured/4.3.0/rest-assured-4.3.0.jar:/home/bahl/.m2/repository/org/codehaus/groovy/groovy/3.0.2/groovy-3.0.2.jar:/home/bahl/.m2/repository/org/codehaus/groovy/groovy-xml/3.0.2/groovy-xml-3.0.2.jar:/home/bahl/.m2/repository/org/apache/httpcomponents/httpclient/4.5.11/httpclient-4.5.11.jar:/home/bahl/.m2/repository/org/apache/httpcomponents/httpcore/4.4.13/httpcore-4.4.13.jar:/home/bahl/.m2/repository/commons-codec/commons-codec/1.13/commons-codec-1.13.jar:/home/bahl/.m2/repository/org/apache/httpcomponents/httpmime/4.5.3/httpmime-4.5.3.jar:/home/bahl/.m2/repository/org/hamcrest/hamcrest/2.1/hamcrest-2.1.jar:/home/bahl/.m2/repository/org/ccil/cowan/tagsoup/tagsoup/1.2.1/tagsoup-1.2.1.jar:/home/bahl/.m2/repository/io/rest-assured/json-path/4.3.0/json-path-4.3.0.jar:/home/bahl/.m2/repository/org/codehaus/groovy/groovy-json/3.0.2/groovy-json-3.0.2.jar:/home/bahl/.m2/repository/io/rest-assured/rest-assured-common/4.3.0/rest-assured-common-4.3.0.jar:/home/bahl/.m2/repository/io/rest-assured/xml-path/4.3.0/xml-path-4.3.0.jar:/home/bahl/.m2/repository/org/apache/commons/commons-lang3/3.9/commons-lang3-3.9.jar:/home/bahl/.m2/repository/jakarta/xml/bind/jakarta.xml.bind-api/2.3.2/jakarta.xml.bind-api-2.3.2.jar:/home/bahl/.m2/repository/jakarta/activation/jakarta.activation-api/1.2.1/jakarta.activation-api-1.2.1.jar:/home/bahl/.m2/repository/org/apache/sling/org.apache.sling.javax.activation/0.1.0/org.apache.sling.javax.activation-0.1.0.jar:/home/bahl/.m2/repository/io/quarkus/quarkus-resteasy-jackson/1.3.2.Final/quarkus-resteasy-jackson-1.3.2.Final.jar:/home/bahl/.m2/repository/io/quarkus/quarkus-jackson/1.3.2.Final/quarkus-jackson-1.3.2.Final.jar:/home/bahl/.m2/repository/com/fasterxml/jackson/core/jackson-databind/2.10.2/jackson-databind-2.10.2.jar:/home/bahl/.m2/repository/com/fasterxml/jackson/datatype/jackson-datatype-jsr310/2.10.2/jackson-datatype-jsr310-2.10.2.jar:/home/bahl/.m2/repository/com/fasterxml/jackson/datatype/jackson-datatype-jdk8/2.10.2/jackson-datatype-jdk8-2.10.2.jar:/home/bahl/.m2/repository/com/fasterxml/jackson/module/jackson-module-parameter-names/2.10.2/jackson-module-parameter-names-2.10.2.jar:/home/bahl/.m2/repository/org/jboss/resteasy/resteasy-jackson2-provider/4.5.3.Final/resteasy-jackson2-provider-4.5.3.Final.jar:/home/bahl/.m2/repository/org/jboss/resteasy/resteasy-jaxb-provider/4.5.3.Final/resteasy-jaxb-provider-4.5.3.Final.jar:/home/bahl/.m2/repository/com/fasterxml/jackson/core/jackson-core/2.10.2/jackson-core-2.10.2.jar:/home/bahl/.m2/repository/com/fasterxml/jackson/core/jackson-annotations/2.10.2/jackson-annotations-2.10.2.jar:/home/bahl/.m2/repository/com/fasterxml/jackson/jaxrs/jackson-jaxrs-json-provider/2.10.2/jackson-jaxrs-json-provider-2.10.2.jar:/home/bahl/.m2/repository/com/fasterxml/jackson/jaxrs/jackson-jaxrs-base/2.10.2/jackson-jaxrs-base-2.10.2.jar:/home/bahl/.m2/repository/com/fasterxml/jackson/module/jackson-module-jaxb-annotations/2.10.2/jackson-module-jaxb-annotations-2.10.2.jar:/home/bahl/.m2/repository/com/github/fge/json-patch/1.9/json-patch-1.9.jar:/home/bahl/.m2/repository/com/github/fge/jackson-coreutils/1.6/jackson-coreutils-1.6.jar:/home/bahl/.m2/repository/com/github/fge/msg-simple/1.1/msg-simple-1.1.jar:/home/bahl/.m2/repository/com/github/fge/btf/1.2/btf-1.2.jar:/home/bahl/.m2/repository/com/google/guava/guava/27.0.1-jre/guava-27.0.1-jre.jar:/home/bahl/.m2/repository/com/google/guava/failureaccess/1.0.1/failureaccess-1.0.1.jar:/home/bahl/.m2/repository/com/google/guava/listenablefuture/9999.0-empty-to-avoid-conflict-with-guava/listenablefuture-9999.0-empty-to-avoid-conflict-with-guava.jar:/home/bahl/.m2/repository/org/jboss/spec/javax/xml/bind/jboss-jaxb-api_2.3_spec/2.0.0.Final/jboss-jaxb-api_2.3_spec-2.0.0.Final.jar:/home/bahl/.m2/repository/io/quarkus/quarkus-smallrye-metrics/1.3.2.Final/quarkus-smallrye-metrics-1.3.2.Final.jar:/home/bahl/.m2/repository/io/smallrye/smallrye-metrics/2.4.1/smallrye-metrics-2.4.1.jar:/home/bahl/.m2/repository/io/quarkus/quarkus-arc/1.3.2.Final/quarkus-arc-1.3.2.Final.jar:/home/bahl/.m2/repository/io/quarkus/arc/arc/1.3.2.Final/arc-1.3.2.Final.jar:/home/bahl/.m2/repository/org/eclipse/microprofile/context-propagation/microprofile-context-propagation-api/1.0.1/microprofile-context-propagation-api-1.0.1.jar:/home/bahl/.m2/repository/io/quarkus/quarkus-jsonp/1.3.2.Final/quarkus-jsonp-1.3.2.Final.jar:/home/bahl/.m2/repository/org/glassfish/jakarta.json/1.1.6/jakarta.json-1.1.6.jar:/home/bahl/.m2/repository/org/eclipse/microprofile/metrics/microprofile-metrics-api/2.3/microprofile-metrics-api-2.3.jar:/home/bahl/.m2/repository/io/quarkus/quarkus-smallrye-health/1.3.2.Final/quarkus-smallrye-health-1.3.2.Final.jar:/home/bahl/.m2/repository/io/smallrye/smallrye-health/2.2.0/smallrye-health-2.2.0.jar:/home/bahl/.m2/repository/org/eclipse/microprofile/health/microprofile-health-api/2.2/microprofile-health-api-2.2.jar:/home/bahl/.m2/repository/io/smallrye/smallrye-health-extension-api/2.2.0/smallrye-health-extension-api-2.2.0.jar:/home/bahl/.m2/repository/jakarta/inject/jakarta.inject-api/1.0/jakarta.inject-api-1.0.jar:/home/bahl/.m2/repository/io/quarkus/quarkus-hibernate-orm/1.3.2.Final/quarkus-hibernate-orm-1.3.2.Final.jar:/home/bahl/.m2/repository/io/quarkus/quarkus-agroal/1.3.2.Final/quarkus-agroal-1.3.2.Final.jar:/home/bahl/.m2/repository/io/quarkus/quarkus-datasource/1.3.2.Final/quarkus-datasource-1.3.2.Final.jar:/home/bahl/.m2/repository/io/quarkus/quarkus-datasource-common/1.3.2.Final/quarkus-datasource-common-1.3.2.Final.jar:/home/bahl/.m2/repository/org/jboss/narayana/jta/narayana-jta/5.10.1.Final/narayana-jta-5.10.1.Final.jar:/home/bahl/.m2/repository/org/jboss/jboss-transaction-spi/7.6.0.Final/jboss-transaction-spi-7.6.0.Final.jar:/home/bahl/.m2/repository/org/jboss/spec/javax/resource/jboss-connector-api_1.7_spec/1.0.0.Final/jboss-connector-api_1.7_spec-1.0.0.Final.jar:/home/bahl/.m2/repository/org/jboss/narayana/jts/narayana-jts-integration/5.10.1.Final/narayana-jts-integration-5.10.1.Final.jar:/home/bahl/.m2/repository/io/agroal/agroal-api/1.7/agroal-api-1.7.jar:/home/bahl/.m2/repository/io/agroal/agroal-narayana/1.7/agroal-narayana-1.7.jar:/home/bahl/.m2/repository/io/agroal/agroal-pool/1.7/agroal-pool-1.7.jar:/home/bahl/.m2/repository/io/quarkus/quarkus-vault-spi/1.3.2.Final/quarkus-vault-spi-1.3.2.Final.jar:/home/bahl/.m2/repository/io/quarkus/quarkus-narayana-jta/1.3.2.Final/quarkus-narayana-jta-1.3.2.Final.jar:/home/bahl/.m2/repository/io/smallrye/reactive/smallrye-reactive-streams-operators/1.0.10/smallrye-reactive-streams-operators-1.0.10.jar:/home/bahl/.m2/repository/org/eclipse/microprofile/reactive-streams-operators/microprofile-reactive-streams-operators-api/1.0/microprofile-reactive-streams-operators-api-1.0.jar:/home/bahl/.m2/repository/org/eclipse/microprofile/reactive-streams-operators/microprofile-reactive-streams-operators-core/1.0/microprofile-reactive-streams-operators-core-1.0.jar:/home/bahl/.m2/repository/io/reactivex/rxjava2/rxjava/2.2.18/rxjava-2.2.18.jar:/home/bahl/.m2/repository/io/smallrye/smallrye-context-propagation-jta/1.0.11/smallrye-context-propagation-jta-1.0.11.jar:/home/bahl/.m2/repository/io/smallrye/reactive/smallrye-reactive-converter-api/1.0.10/smallrye-reactive-converter-api-1.0.10.jar:/home/bahl/.m2/repository/org/hibernate/hibernate-core/5.4.14.Final/hibernate-core-5.4.14.Final.jar:/home/bahl/.m2/repository/net/bytebuddy/byte-buddy/1.10.7/byte-buddy-1.10.7.jar:/home/bahl/.m2/repository/antlr/antlr/2.7.7/antlr-2.7.7.jar:/home/bahl/.m2/repository/com/fasterxml/classmate/1.3.4/classmate-1.3.4.jar:/home/bahl/.m2/repository/org/dom4j/dom4j/2.1.1/dom4j-2.1.1.jar:/home/bahl/.m2/repository/org/hibernate/common/hibernate-commons-annotations/5.1.0.Final/hibernate-commons-annotations-5.1.0.Final.jar:/home/bahl/.m2/repository/org/hibernate/hibernate-graalvm/5.4.14.Final/hibernate-graalvm-5.4.14.Final.jar:/home/bahl/.m2/repository/org/glassfish/jaxb/jaxb-runtime/2.3.3-b02/jaxb-runtime-2.3.3-b02.jar:/home/bahl/.m2/repository/org/glassfish/jaxb/txw2/2.3.3-b02/txw2-2.3.3-b02.jar:/home/bahl/.m2/repository/com/sun/istack/istack-commons-runtime/3.0.10/istack-commons-runtime-3.0.10.jar:/home/bahl/.m2/repository/com/sun/activation/jakarta.activation/1.2.1/jakarta.activation-1.2.1.jar:/home/bahl/.m2/repository/jakarta/persistence/jakarta.persistence-api/2.2.3/jakarta.persistence-api-2.2.3.jar:/home/bahl/.m2/repository/jakarta/transaction/jakarta.transaction-api/1.3.3/jakarta.transaction-api-1.3.3.jar:/home/bahl/.m2/repository/org/hibernate/quarkus-local-cache/0.1.0/quarkus-local-cache-0.1.0.jar:/home/bahl/.m2/repository/com/github/ben-manes/caffeine/caffeine/2.8.0/caffeine-2.8.0.jar:/home/bahl/.m2/repository/com/google/errorprone/error_prone_annotations/2.2.0/error_prone_annotations-2.2.0.jar:/home/bahl/.m2/repository/io/quarkus/quarkus-caffeine/1.3.2.Final/quarkus-caffeine-1.3.2.Final.jar:/home/bahl/.m2/repository/io/quarkus/quarkus-jdbc-mysql/1.3.2.Final/quarkus-jdbc-mysql-1.3.2.Final.jar:/home/bahl/.m2/repository/mysql/mysql-connector-java/8.0.19/mysql-connector-java-8.0.19.jar:"/>
    <property name="sun.cpu.endian" value="little"/>
    <property name="user.home" value="/home/bahl"/>
    <property name="user.language" value="en"/>
    <property name="java.specification.vendor" value="Oracle Corporation"/>
    <property name="java.version.date" value="2023-04-18"/>
    <property name="java.home" value="/usr/lib/jvm/java-11-openjdk-amd64"/>
    <property name="file.separator" value="/"/>
    <property name="basedir" value="/home/bahl/Documents/deployment/apm-projects/sample-quarkus-app"/>
    <property name="java.vm.compressedOopsMode" value="Zero based"/>
    <property name="line.separator" value="&#10;"/>
    <property name="java.specification.name" value="Java Platform API Specification"/>
    <property name="java.vm.specification.vendor" value="Oracle Corporation"/>
    <property name="java.awt.graphicsenv" value="sun.awt.X11GraphicsEnvironment"/>
    <property name="surefire.real.class.path" value="/home/bahl/Documents/deployment/apm-projects/sample-quarkus-app/target/surefire/surefirebooter18229090936170335506.jar"/>
    <property name="sun.management.compiler" value="HotSpot 64-Bit Tiered Compilers"/>
    <property name="java.runtime.version" value="11.0.19+7-post-Ubuntu-0ubuntu120.04.1"/>
    <property name="user.name" value="bahl"/>
    <property name="path.separator" value=":"/>
    <property name="os.version" value="5.15.0-76-generic"/>
    <property name="java.runtime.name" value="OpenJDK Runtime Environment"/>
    <property name="file.encoding" value="UTF-8"/>
    <property name="java.vm.name" value="OpenJDK 64-Bit Server VM"/>
    <property name="localRepository" value="/home/bahl/.m2/repository"/>
    <property name="java.vendor.url.bug" value="https://bugs.launchpad.net/ubuntu/+source/openjdk-lts"/>
    <property name="java.io.tmpdir" value="/tmp"/>
    <property name="java.version" value="11.0.19"/>
    <property name="user.dir" value="/home/bahl/Documents/deployment/apm-projects/sample-quarkus-app"/>
    <property name="os.arch" value="amd64"/>
    <property name="java.vm.specification.name" value="Java Virtual Machine Specification"/>
    <property name="java.awt.printerjob" value="sun.print.PSPrinterJob"/>
    <property name="sun.os.patch.level" value="unknown"/>
    <property name="java.util.logging.manager" value="org.jboss.logmanager.LogManager"/>
    <property name="java.library.path" value="/usr/java/packages/lib:/usr/lib/x86_64-linux-gnu/jni:/lib/x86_64-linux-gnu:/usr/lib/x86_64-linux-gnu:/usr/lib/jni:/lib:/usr/lib"/>
    <property name="java.vm.info" value="mixed mode, sharing"/>
    <property name="java.vendor" value="Ubuntu"/>
    <property name="java.vm.version" value="11.0.19+7-post-Ubuntu-0ubuntu120.04.1"/>
    <property name="sun.io.unicode.encoding" value="UnicodeLittle"/>
    <property name="java.class.version" value="55.0"/>
  </properties>
  <testcase name="testHelloEndpoint" classname="org.saharsh.samples.quarkus.resources.ValuesResourceTest" time="1.121"/>
</testsuite>